ERROR StackTrace - Full Stack Trace:
java.lang.reflect.InvocationTargetException: null
	at sun.reflect.NativeMethodAccessorImpl.invoke0(Native Method)
	at sun.reflect.NativeMethodAccessorImpl.invoke(NativeMethodAccessorImpl.java:57)
	at sun.reflect.DelegatingMethodAccessorImpl.invoke(DelegatingMethodAccessorImpl.java:43)
	at java.lang.reflect.Method.invoke(Method.java:606)
	at org.springsource.loaded.ri.ReflectiveInterceptor.jlrMethodInvoke(ReflectiveInterceptor.java:1426)
	at org.grails.core.DefaultGrailsControllerClass$ReflectionInvoker.invoke(DefaultGrailsControllerClass.java:210)
	at org.grails.core.DefaultGrailsControllerClass.invoke(DefaultGrailsControllerClass.java:187)
	at org.grails.web.mapping.mvc.UrlMappingsInfoHandlerAdapter.handle(UrlMappingsInfoHandlerAdapter.groovy:90)
	at org.springframework.web.servlet.DispatcherServlet.doDispatch(DispatcherServlet.java:961)
	at org.springframework.web.servlet.DispatcherServlet.doService(DispatcherServlet.java:895)
	at org.springframework.web.servlet.FrameworkServlet.processRequest(FrameworkServlet.java:967)
	at org.springframework.web.servlet.FrameworkServlet.doGet(FrameworkServlet.java:858)
	at javax.servlet.http.HttpServlet.service(HttpServlet.java:622)
	at org.springframework.web.servlet.FrameworkServlet.service(FrameworkServlet.java:843)
	at javax.servlet.http.HttpServlet.service(HttpServlet.java:729)
	at org.apache.catalina.core.ApplicationFilterChain.internalDoFilter(ApplicationFilterChain.java:292)
	at org.apache.catalina.core.ApplicationFilterChain.doFilter(ApplicationFilterChain.java:207)
	at org.apache.tomcat.websocket.server.WsFilter.doFilter(WsFilter.java:52)
	at org.apache.catalina.core.ApplicationFilterChain.internalDoFilter(ApplicationFilterChain.java:240)
	at org.apache.catalina.core.ApplicationFilterChain.doFilter(ApplicationFilterChain.java:207)
	at org.springframework.boot.actuate.autoconfigure.EndpointWebMvcAutoConfiguration$ApplicationContextHeaderFilter.doFilterInternal(EndpointWebMvcAutoConfiguration.java:281)
	at org.springframework.web.filter.OncePerRequestFilter.doFilter(OncePerRequestFilter.java:107)
	at org.apache.catalina.core.ApplicationFilterChain.internalDoFilter(ApplicationFilterChain.java:240)
	at org.apache.catalina.core.ApplicationFilterChain.doFilter(ApplicationFilterChain.java:207)
	at org.springframework.boot.actuate.trace.WebRequestTraceFilter.doFilterInternal(WebRequestTraceFilter.java:115)
	at org.springframework.web.filter.OncePerRequestFilter.doFilter(OncePerRequestFilter.java:107)
	at org.apache.catalina.core.ApplicationFilterChain.internalDoFilter(ApplicationFilterChain.java:240)
	at org.apache.catalina.core.ApplicationFilterChain.doFilter(ApplicationFilterChain.java:207)
	at org.grails.web.servlet.mvc.GrailsWebRequestFilter.doFilterInternal(GrailsWebRequestFilter.java:75)
	at org.springframework.web.filter.OncePerRequestFilter.doFilter(OncePerRequestFilter.java:107)
	at org.apache.catalina.core.ApplicationFilterChain.internalDoFilter(ApplicationFilterChain.java:240)
	at org.apache.catalina.core.ApplicationFilterChain.doFilter(ApplicationFilterChain.java:207)
	at org.grails.web.filters.HiddenHttpMethodFilter.doFilterInternal(HiddenHttpMethodFilter.java:67)
	at org.springframework.web.filter.OncePerRequestFilter.doFilter(OncePerRequestFilter.java:107)
	at org.apache.catalina.core.ApplicationFilterChain.internalDoFilter(ApplicationFilterChain.java:240)
	at org.apache.catalina.core.ApplicationFilterChain.doFilter(ApplicationFilterChain.java:207)
	at org.springframework.web.filter.CharacterEncodingFilter.doFilterInternal(CharacterEncodingFilter.java:121)
	at org.springframework.web.filter.OncePerRequestFilter.doFilter(OncePerRequestFilter.java:107)
	at org.apache.catalina.core.ApplicationFilterChain.internalDoFilter(ApplicationFilterChain.java:240)
	at org.apache.catalina.core.ApplicationFilterChain.doFilter(ApplicationFilterChain.java:207)
	at org.springframework.boot.actuate.autoconfigure.MetricsFilter.doFilterInternal(MetricsFilter.java:103)
	at org.springframework.web.filter.OncePerRequestFilter.doFilter(OncePerRequestFilter.java:107)
	at org.apache.catalina.core.ApplicationFilterChain.internalDoFilter(ApplicationFilterChain.java:240)
	at org.apache.catalina.core.ApplicationFilterChain.doFilter(ApplicationFilterChain.java:207)
	at org.apache.catalina.core.StandardWrapperValve.invoke(StandardWrapperValve.java:212)
	at org.apache.catalina.core.StandardContextValve.invoke(StandardContextValve.java:106)
	at org.apache.catalina.authenticator.AuthenticatorBase.invoke(AuthenticatorBase.java:502)
	at org.apache.catalina.core.StandardHostValve.invoke(StandardHostValve.java:141)
	at org.apache.catalina.valves.ErrorReportValve.invoke(ErrorReportValve.java:79)
	at org.apache.catalina.core.StandardEngineValve.invoke(StandardEngineValve.java:88)
	at org.apache.catalina.connector.CoyoteAdapter.service(CoyoteAdapter.java:528)
	at org.apache.coyote.http11.AbstractHttp11Processor.process(AbstractHttp11Processor.java:1099)
	at org.apache.coyote.AbstractProtocol$AbstractConnectionHandler.process(AbstractProtocol.java:670)
	at org.apache.tomcat.util.net.NioEndpoint$SocketProcessor.doRun(NioEndpoint.java:1520)
	at org.apache.tomcat.util.net.NioEndpoint$SocketProcessor.run(NioEndpoint.java:1476)
	at java.util.concurrent.ThreadPoolExecutor.runWorker(ThreadPoolExecutor.java:1145)
	at java.util.concurrent.ThreadPoolExecutor$Worker.run(ThreadPoolExecutor.java:615)
	at org.apache.tomcat.util.threads.TaskThread$WrappingRunnable.run(TaskThread.java:61)
	at java.lang.Thread.run(Thread.java:745)
Caused by: org.bson.BsonInvalidOperationException: readObjectId can only be called when CurrentBSONType is OBJECT_ID, not when CurrentBSONType is INT64.
	at org.bson.AbstractBsonReader.verifyBSONType(AbstractBsonReader.java:655)
	at org.bson.AbstractBsonReader.checkPreconditions(AbstractBsonReader.java:687)
	at org.bson.AbstractBsonReader.readObjectId(AbstractBsonReader.java:393)
	at org.grails.datastore.mapping.mongo.engine.codecs.PersistentEntityCodec$IdentityDecoder.decode(PersistentEntityCodec.groovy:564)
	at org.grails.datastore.mapping.mongo.engine.codecs.PersistentEntityCodec$IdentityDecoder.decode(PersistentEntityCodec.groovy)
	at org.grails.datastore.mapping.mongo.engine.codecs.PersistentEntityCodec.decode(PersistentEntityCodec.groovy:144)
	at com.mongodb.operation.CommandResultArrayCodec.decode(CommandResultArrayCodec.java:48)
	at com.mongodb.operation.CommandResultDocumentCodec.readValue(CommandResultDocumentCodec.java:53)
	at org.bson.codecs.BsonDocumentCodec.decode(BsonDocumentCodec.java:81)
	at org.bson.codecs.BsonDocumentCodec.decode(BsonDocumentCodec.java:40)
	at org.bson.codecs.configuration.LazyCodec.decode(LazyCodec.java:47)
	at org.bson.codecs.BsonDocumentCodec.readValue(BsonDocumentCodec.java:98)
	at com.mongodb.operation.CommandResultDocumentCodec.readValue(CommandResultDocumentCodec.java:56)
	at org.bson.codecs.BsonDocumentCodec.decode(BsonDocumentCodec.java:81)
	at org.bson.codecs.BsonDocumentCodec.decode(BsonDocumentCodec.java:40)
	at com.mongodb.connection.CommandProtocol.execute(CommandProtocol.java:123)
	at com.mongodb.connection.DefaultServer$DefaultServerProtocolExecutor.execute(DefaultServer.java:159)
	at com.mongodb.connection.DefaultServerConnection.executeProtocol(DefaultServerConnection.java:286)
	at com.mongodb.connection.DefaultServerConnection.command(DefaultServerConnection.java:173)
	at com.mongodb.operation.CommandOperationHelper.executeWrappedCommandProtocol(CommandOperationHelper.java:215)
	at com.mongodb.operation.CommandOperationHelper.executeWrappedCommandProtocol(CommandOperationHelper.java:206)
	at com.mongodb.operation.CommandOperationHelper.executeWrappedCommandProtocol(CommandOperationHelper.java:112)
	at com.mongodb.operation.FindOperation$1.call(FindOperation.java:485)
	at com.mongodb.operation.FindOperation$1.call(FindOperation.java:480)
	at com.mongodb.operation.OperationHelper.withConnectionSource(OperationHelper.java:239)
	at com.mongodb.operation.OperationHelper.withConnection(OperationHelper.java:212)
	at com.mongodb.operation.FindOperation.execute(FindOperation.java:480)
	at com.mongodb.operation.FindOperation.execute(FindOperation.java:77)
	at com.mongodb.Mongo.execute(Mongo.java:772)
	at com.mongodb.Mongo$2.execute(Mongo.java:759)
	at com.mongodb.OperationIterable.iterator(OperationIterable.java:47)
	at com.mongodb.FindIterableImpl.iterator(FindIterableImpl.java:143)
	at org.grails.datastore.mapping.mongo.query.MongoQuery.executeQuery(MongoQuery.java:1019)
	at org.grails.datastore.mapping.mongo.query.MongoQuery.executeQuery(MongoQuery.java:882)
	at org.grails.datastore.mapping.query.Query.list(Query.java:567)
	at grails.gorm.PagedResultList.initialize(PagedResultList.java:118)
	at grails.gorm.PagedResultList.size(PagedResultList.java:124)
	at grails.gorm.PagedResultList.isEmpty(PagedResultList.java:130)
	at org.grails.plugins.web.rest.render.html.DefaultHtmlRenderer.resolveModelVariableName(DefaultHtmlRenderer.groovy:105)
	at org.grails.plugins.web.rest.render.html.DefaultHtmlRenderer.applyModel(DefaultHtmlRenderer.groovy:88)
	at org.grails.plugins.web.rest.render.html.DefaultHtmlRenderer.render(DefaultHtmlRenderer.groovy:79)
	at grails.artefact.controller.RestResponder$Trait$Helper.internalRespond(RestResponder.groovy:188)
	at grails.artefact.controller.RestResponder$Trait$Helper.respond(RestResponder.groovy:62)
	at grails.artefact.controller.RestResponder$Trait$Helper$respond$1.call(Unknown Source)
	at org.codehaus.groovy.runtime.callsite.CallSiteArray.defaultCall(CallSiteArray.java:48)
	at org.codehaus.groovy.runtime.callsite.AbstractCallSite.call(AbstractCallSite.java:113)
	at org.codehaus.groovy.runtime.callsite.AbstractCallSite.call(AbstractCallSite.java:141)
	at grails_mongo.UserController.respond(UserController.groovy)
	at grails.artefact.controller.RestResponder$respond.callCurrent(Unknown Source)
	at org.codehaus.groovy.runtime.callsite.CallSiteArray.defaultCallCurrent(CallSiteArray.java:52)
	at org.codehaus.groovy.runtime.callsite.AbstractCallSite.callCurrent(AbstractCallSite.java:154)
	at org.codehaus.groovy.runtime.callsite.AbstractCallSite.callCurrent(AbstractCallSite.java:174)
	at grails.rest.RestfulController.index(RestfulController.groovy:64)
	at grails_mongo.UserController.index(UserController.groovy)
	at grails.rest.RestfulController.$tt__index(RestfulController.groovy)
	at grails_mongo.UserController.$tt__index(UserController.groovy)
	at grails.rest.RestfulController$_index_closure9.doCall(RestfulController.groovy)
	at sun.reflect.NativeMethodAccessorImpl.invoke0(Native Method)
	at sun.reflect.NativeMethodAccessorImpl.invoke(NativeMethodAccessorImpl.java:57)
	at sun.reflect.DelegatingMethodAccessorImpl.invoke(DelegatingMethodAccessorImpl.java:43)
	at java.lang.reflect.Method.invoke(Method.java:606)
	at org.springsource.loaded.ri.ReflectiveInterceptor.jlrMethodInvoke(ReflectiveInterceptor.java:1426)
	at org.codehaus.groovy.reflection.CachedMethod.invoke(CachedMethod.java:93)
	at groovy.lang.MetaMethod.doMethodInvoke(MetaMethod.java:325)
	at org.codehaus.groovy.runtime.metaclass.ClosureMetaClass.invokeMethod(ClosureMetaClass.java:294)
	at groovy.lang.MetaClassImpl.invokeMethod(MetaClassImpl.java:1024)
	at groovy.lang.Closure.call(Closure.java:414)
	at groovy.lang.Closure.call(Closure.java:430)
	at grails.transaction.GrailsTransactionTemplate$2.doInTransaction(GrailsTransactionTemplate.groovy:96)
	at org.springframework.transaction.support.TransactionTemplate.execute(TransactionTemplate.java:133)
	at grails.transaction.GrailsTransactionTemplate.execute(GrailsTransactionTemplate.groovy:93)
	at grails.rest.RestfulController.index(RestfulController.groovy)
	at grails_mongo.UserController.index(UserController.groovy)
	... 59 common frames omitted
ERROR StackTrace - Full Stack Trace:
org.bson.BsonInvalidOperationException: readObjectId can only be called when CurrentBSONType is OBJECT_ID, not when CurrentBSONType is INT64.
	at org.bson.AbstractBsonReader.verifyBSONType(AbstractBsonReader.java:655)
	at org.bson.AbstractBsonReader.checkPreconditions(AbstractBsonReader.java:687)
	at org.bson.AbstractBsonReader.readObjectId(AbstractBsonReader.java:393)
	at org.grails.datastore.mapping.mongo.engine.codecs.PersistentEntityCodec$IdentityDecoder.decode(PersistentEntityCodec.groovy:564)
	at org.grails.datastore.mapping.mongo.engine.codecs.PersistentEntityCodec$IdentityDecoder.decode(PersistentEntityCodec.groovy)
	at org.grails.datastore.mapping.mongo.engine.codecs.PersistentEntityCodec.decode(PersistentEntityCodec.groovy:144)
	at com.mongodb.operation.CommandResultArrayCodec.decode(CommandResultArrayCodec.java:48)
	at com.mongodb.operation.CommandResultDocumentCodec.readValue(CommandResultDocumentCodec.java:53)
	at org.bson.codecs.BsonDocumentCodec.decode(BsonDocumentCodec.java:81)
	at org.bson.codecs.BsonDocumentCodec.decode(BsonDocumentCodec.java:40)
	at org.bson.codecs.configuration.LazyCodec.decode(LazyCodec.java:47)
	at org.bson.codecs.BsonDocumentCodec.readValue(BsonDocumentCodec.java:98)
	at com.mongodb.operation.CommandResultDocumentCodec.readValue(CommandResultDocumentCodec.java:56)
	at org.bson.codecs.BsonDocumentCodec.decode(BsonDocumentCodec.java:81)
	at org.bson.codecs.BsonDocumentCodec.decode(BsonDocumentCodec.java:40)
	at com.mongodb.connection.CommandProtocol.execute(CommandProtocol.java:123)
	at com.mongodb.connection.DefaultServer$DefaultServerProtocolExecutor.execute(DefaultServer.java:159)
	at com.mongodb.connection.DefaultServerConnection.executeProtocol(DefaultServerConnection.java:286)
	at com.mongodb.connection.DefaultServerConnection.command(DefaultServerConnection.java:173)
	at com.mongodb.operation.CommandOperationHelper.executeWrappedCommandProtocol(CommandOperationHelper.java:215)
	at com.mongodb.operation.CommandOperationHelper.executeWrappedCommandProtocol(CommandOperationHelper.java:206)
	at com.mongodb.operation.CommandOperationHelper.executeWrappedCommandProtocol(CommandOperationHelper.java:112)
	at com.mongodb.operation.FindOperation$1.call(FindOperation.java:485)
	at com.mongodb.operation.FindOperation$1.call(FindOperation.java:480)
	at com.mongodb.operation.OperationHelper.withConnectionSource(OperationHelper.java:239)
	at com.mongodb.operation.OperationHelper.withConnection(OperationHelper.java:212)
	at com.mongodb.operation.FindOperation.execute(FindOperation.java:480)
	at com.mongodb.operation.FindOperation.execute(FindOperation.java:77)
	at com.mongodb.Mongo.execute(Mongo.java:772)
	at com.mongodb.Mongo$2.execute(Mongo.java:759)
	at com.mongodb.OperationIterable.iterator(OperationIterable.java:47)
	at com.mongodb.FindIterableImpl.iterator(FindIterableImpl.java:143)
	at org.grails.datastore.mapping.mongo.query.MongoQuery.executeQuery(MongoQuery.java:1019)
	at org.grails.datastore.mapping.mongo.query.MongoQuery.executeQuery(MongoQuery.java:882)
	at org.grails.datastore.mapping.query.Query.list(Query.java:567)
	at grails.gorm.PagedResultList.initialize(PagedResultList.java:118)
	at grails.gorm.PagedResultList.size(PagedResultList.java:124)
	at grails.gorm.PagedResultList.isEmpty(PagedResultList.java:130)
	at org.grails.plugins.web.rest.render.html.DefaultHtmlRenderer.resolveModelVariableName(DefaultHtmlRenderer.groovy:105)
	at org.grails.plugins.web.rest.render.html.DefaultHtmlRenderer.applyModel(DefaultHtmlRenderer.groovy:88)
	at org.grails.plugins.web.rest.render.html.DefaultHtmlRenderer.render(DefaultHtmlRenderer.groovy:79)
	at grails.artefact.controller.RestResponder$Trait$Helper.internalRespond(RestResponder.groovy:188)
	at grails.artefact.controller.RestResponder$Trait$Helper.respond(RestResponder.groovy:62)
	at grails.artefact.controller.RestResponder$Trait$Helper$respond$1.call(Unknown Source)
	at org.codehaus.groovy.runtime.callsite.CallSiteArray.defaultCall(CallSiteArray.java:48)
	at org.codehaus.groovy.runtime.callsite.AbstractCallSite.call(AbstractCallSite.java:113)
	at org.codehaus.groovy.runtime.callsite.AbstractCallSite.call(AbstractCallSite.java:141)
	at grails_mongo.UserController.respond(UserController.groovy)
	at grails.artefact.controller.RestResponder$respond.callCurrent(Unknown Source)
	at org.codehaus.groovy.runtime.callsite.CallSiteArray.defaultCallCurrent(CallSiteArray.java:52)
	at org.codehaus.groovy.runtime.callsite.AbstractCallSite.callCurrent(AbstractCallSite.java:154)
	at org.codehaus.groovy.runtime.callsite.AbstractCallSite.callCurrent(AbstractCallSite.java:174)
	at grails.rest.RestfulController.index(RestfulController.groovy:64)
	at grails_mongo.UserController.index(UserController.groovy)
	at grails.rest.RestfulController.$tt__index(RestfulController.groovy)
	at grails_mongo.UserController.$tt__index(UserController.groovy)
	at grails.rest.RestfulController$_index_closure9.doCall(RestfulController.groovy)
	at sun.reflect.NativeMethodAccessorImpl.invoke0(Native Method)
	at sun.reflect.NativeMethodAccessorImpl.invoke(NativeMethodAccessorImpl.java:57)
	at sun.reflect.DelegatingMethodAccessorImpl.invoke(DelegatingMethodAccessorImpl.java:43)
	at java.lang.reflect.Method.invoke(Method.java:606)
	at org.springsource.loaded.ri.ReflectiveInterceptor.jlrMethodInvoke(ReflectiveInterceptor.java:1426)
	at org.codehaus.groovy.reflection.CachedMethod.invoke(CachedMethod.java:93)
	at groovy.lang.MetaMethod.doMethodInvoke(MetaMethod.java:325)
	at org.codehaus.groovy.runtime.metaclass.ClosureMetaClass.invokeMethod(ClosureMetaClass.java:294)
	at groovy.lang.MetaClassImpl.invokeMethod(MetaClassImpl.java:1024)
	at groovy.lang.Closure.call(Closure.java:414)
	at groovy.lang.Closure.call(Closure.java:430)
	at grails.transaction.GrailsTransactionTemplate$2.doInTransaction(GrailsTransactionTemplate.groovy:96)
	at org.springframework.transaction.support.TransactionTemplate.execute(TransactionTemplate.java:133)
	at grails.transaction.GrailsTransactionTemplate.execute(GrailsTransactionTemplate.groovy:93)
	at grails.rest.RestfulController.index(RestfulController.groovy)
	at grails_mongo.UserController.index(UserController.groovy)
	at sun.reflect.NativeMethodAccessorImpl.invoke0(Native Method)
	at sun.reflect.NativeMethodAccessorImpl.invoke(NativeMethodAccessorImpl.java:57)
	at sun.reflect.DelegatingMethodAccessorImpl.invoke(DelegatingMethodAccessorImpl.java:43)
	at java.lang.reflect.Method.invoke(Method.java:606)
	at org.springsource.loaded.ri.ReflectiveInterceptor.jlrMethodInvoke(ReflectiveInterceptor.java:1426)
	at org.grails.core.DefaultGrailsControllerClass$ReflectionInvoker.invoke(DefaultGrailsControllerClass.java:210)
	at org.grails.core.DefaultGrailsControllerClass.invoke(DefaultGrailsControllerClass.java:187)
	at org.grails.web.mapping.mvc.UrlMappingsInfoHandlerAdapter.handle(UrlMappingsInfoHandlerAdapter.groovy:90)
	at org.springframework.web.servlet.DispatcherServlet.doDispatch(DispatcherServlet.java:961)
	at org.springframework.web.servlet.DispatcherServlet.doService(DispatcherServlet.java:895)
	at org.springframework.web.servlet.FrameworkServlet.processRequest(FrameworkServlet.java:967)
	at org.springframework.web.servlet.FrameworkServlet.doGet(FrameworkServlet.java:858)
	at javax.servlet.http.HttpServlet.service(HttpServlet.java:622)
	at org.springframework.web.servlet.FrameworkServlet.service(FrameworkServlet.java:843)
	at javax.servlet.http.HttpServlet.service(HttpServlet.java:729)
	at org.apache.catalina.core.ApplicationFilterChain.internalDoFilter(ApplicationFilterChain.java:292)
	at org.apache.catalina.core.ApplicationFilterChain.doFilter(ApplicationFilterChain.java:207)
	at org.apache.tomcat.websocket.server.WsFilter.doFilter(WsFilter.java:52)
	at org.apache.catalina.core.ApplicationFilterChain.internalDoFilter(ApplicationFilterChain.java:240)
	at org.apache.catalina.core.ApplicationFilterChain.doFilter(ApplicationFilterChain.java:207)
	at org.springframework.boot.actuate.autoconfigure.EndpointWebMvcAutoConfiguration$ApplicationContextHeaderFilter.doFilterInternal(EndpointWebMvcAutoConfiguration.java:281)
	at org.springframework.web.filter.OncePerRequestFilter.doFilter(OncePerRequestFilter.java:107)
	at org.apache.catalina.core.ApplicationFilterChain.internalDoFilter(ApplicationFilterChain.java:240)
	at org.apache.catalina.core.ApplicationFilterChain.doFilter(ApplicationFilterChain.java:207)
	at org.springframework.boot.actuate.trace.WebRequestTraceFilter.doFilterInternal(WebRequestTraceFilter.java:115)
	at org.springframework.web.filter.OncePerRequestFilter.doFilter(OncePerRequestFilter.java:107)
	at org.apache.catalina.core.ApplicationFilterChain.internalDoFilter(ApplicationFilterChain.java:240)
	at org.apache.catalina.core.ApplicationFilterChain.doFilter(ApplicationFilterChain.java:207)
	at org.grails.web.servlet.mvc.GrailsWebRequestFilter.doFilterInternal(GrailsWebRequestFilter.java:75)
	at org.springframework.web.filter.OncePerRequestFilter.doFilter(OncePerRequestFilter.java:107)
	at org.apache.catalina.core.ApplicationFilterChain.internalDoFilter(ApplicationFilterChain.java:240)
	at org.apache.catalina.core.ApplicationFilterChain.doFilter(ApplicationFilterChain.java:207)
	at org.grails.web.filters.HiddenHttpMethodFilter.doFilterInternal(HiddenHttpMethodFilter.java:67)
	at org.springframework.web.filter.OncePerRequestFilter.doFilter(OncePerRequestFilter.java:107)
	at org.apache.catalina.core.ApplicationFilterChain.internalDoFilter(ApplicationFilterChain.java:240)
	at org.apache.catalina.core.ApplicationFilterChain.doFilter(ApplicationFilterChain.java:207)
	at org.springframework.web.filter.CharacterEncodingFilter.doFilterInternal(CharacterEncodingFilter.java:121)
	at org.springframework.web.filter.OncePerRequestFilter.doFilter(OncePerRequestFilter.java:107)
	at org.apache.catalina.core.ApplicationFilterChain.internalDoFilter(ApplicationFilterChain.java:240)
	at org.apache.catalina.core.ApplicationFilterChain.doFilter(ApplicationFilterChain.java:207)
	at org.springframework.boot.actuate.autoconfigure.MetricsFilter.doFilterInternal(MetricsFilter.java:103)
	at org.springframework.web.filter.OncePerRequestFilter.doFilter(OncePerRequestFilter.java:107)
	at org.apache.catalina.core.ApplicationFilterChain.internalDoFilter(ApplicationFilterChain.java:240)
	at org.apache.catalina.core.ApplicationFilterChain.doFilter(ApplicationFilterChain.java:207)
	at org.apache.catalina.core.StandardWrapperValve.invoke(StandardWrapperValve.java:212)
	at org.apache.catalina.core.StandardContextValve.invoke(StandardContextValve.java:106)
	at org.apache.catalina.authenticator.AuthenticatorBase.invoke(AuthenticatorBase.java:502)
	at org.apache.catalina.core.StandardHostValve.invoke(StandardHostValve.java:141)
	at org.apache.catalina.valves.ErrorReportValve.invoke(ErrorReportValve.java:79)
	at org.apache.catalina.core.StandardEngineValve.invoke(StandardEngineValve.java:88)
	at org.apache.catalina.connector.CoyoteAdapter.service(CoyoteAdapter.java:528)
	at org.apache.coyote.http11.AbstractHttp11Processor.process(AbstractHttp11Processor.java:1099)
	at org.apache.coyote.AbstractProtocol$AbstractConnectionHandler.process(AbstractProtocol.java:670)
	at org.apache.tomcat.util.net.NioEndpoint$SocketProcessor.doRun(NioEndpoint.java:1520)
	at org.apache.tomcat.util.net.NioEndpoint$SocketProcessor.run(NioEndpoint.java:1476)
	at java.util.concurrent.ThreadPoolExecutor.runWorker(ThreadPoolExecutor.java:1145)
	at java.util.concurrent.ThreadPoolExecutor$Worker.run(ThreadPoolExecutor.java:615)
	at org.apache.tomcat.util.threads.TaskThread$WrappingRunnable.run(TaskThread.java:61)
	at java.lang.Thread.run(Thread.java:745)
ERROR StackTrace - Full Stack Trace:
java.lang.reflect.InvocationTargetException: null
	at java.util.concurrent.ThreadPoolExecutor.runWorker(ThreadPoolExecutor.java:1145)
	at java.util.concurrent.ThreadPoolExecutor$Worker.run(ThreadPoolExecutor.java:615)
	at java.lang.Thread.run(Thread.java:745)
Caused by: org.bson.BsonInvalidOperationException: readObjectId can only be called when CurrentBSONType is OBJECT_ID, not when CurrentBSONType is INT64.
	at org.bson.AbstractBsonReader.verifyBSONType(AbstractBsonReader.java:655)
	at org.bson.AbstractBsonReader.checkPreconditions(AbstractBsonReader.java:687)
	at org.bson.AbstractBsonReader.readObjectId(AbstractBsonReader.java:393)
	at com.mongodb.operation.CommandResultArrayCodec.decode(CommandResultArrayCodec.java:48)
	at com.mongodb.operation.CommandResultDocumentCodec.readValue(CommandResultDocumentCodec.java:53)
	at org.bson.codecs.BsonDocumentCodec.decode(BsonDocumentCodec.java:81)
	at org.bson.codecs.BsonDocumentCodec.decode(BsonDocumentCodec.java:40)
	at org.bson.codecs.configuration.LazyCodec.decode(LazyCodec.java:47)
	at org.bson.codecs.BsonDocumentCodec.readValue(BsonDocumentCodec.java:98)
	at com.mongodb.operation.CommandResultDocumentCodec.readValue(CommandResultDocumentCodec.java:56)
	at org.bson.codecs.BsonDocumentCodec.decode(BsonDocumentCodec.java:81)
	at org.bson.codecs.BsonDocumentCodec.decode(BsonDocumentCodec.java:40)
	at com.mongodb.connection.CommandProtocol.execute(CommandProtocol.java:123)
	at com.mongodb.connection.DefaultServer$DefaultServerProtocolExecutor.execute(DefaultServer.java:159)
	at com.mongodb.connection.DefaultServerConnection.executeProtocol(DefaultServerConnection.java:286)
	at com.mongodb.connection.DefaultServerConnection.command(DefaultServerConnection.java:173)
	at com.mongodb.operation.CommandOperationHelper.executeWrappedCommandProtocol(CommandOperationHelper.java:215)
	at com.mongodb.operation.CommandOperationHelper.executeWrappedCommandProtocol(CommandOperationHelper.java:206)
	at com.mongodb.operation.CommandOperationHelper.executeWrappedCommandProtocol(CommandOperationHelper.java:112)
	at com.mongodb.operation.FindOperation$1.call(FindOperation.java:485)
	at com.mongodb.operation.FindOperation$1.call(FindOperation.java:480)
	at com.mongodb.operation.OperationHelper.withConnectionSource(OperationHelper.java:239)
	at com.mongodb.operation.OperationHelper.withConnection(OperationHelper.java:212)
	at com.mongodb.operation.FindOperation.execute(FindOperation.java:480)
	at com.mongodb.operation.FindOperation.execute(FindOperation.java:77)
	at com.mongodb.Mongo.execute(Mongo.java:772)
	at com.mongodb.Mongo$2.execute(Mongo.java:759)
	at com.mongodb.OperationIterable.iterator(OperationIterable.java:47)
	at com.mongodb.FindIterableImpl.iterator(FindIterableImpl.java:143)
	at grails.gorm.PagedResultList.initialize(PagedResultList.java:118)
	at grails.gorm.PagedResultList.size(PagedResultList.java:124)
	at grails.gorm.PagedResultList.isEmpty(PagedResultList.java:130)
	at grails.artefact.controller.RestResponder$Trait$Helper.internalRespond(RestResponder.groovy:188)
	at grails.artefact.controller.RestResponder$Trait$Helper.respond(RestResponder.groovy:62)
	at grails.rest.RestfulController.index(RestfulController.groovy:64)
	at grails.transaction.GrailsTransactionTemplate$2.doInTransaction(GrailsTransactionTemplate.groovy:96)
	at grails.transaction.GrailsTransactionTemplate.execute(GrailsTransactionTemplate.groovy:93)
	... 3 common frames omitted
